<?xml version="1.0" encoding="UTF-8"?>
<!-- Generated by org.testng.reporters.JUnitReportReporter -->
<testsuite skipped="0" hostname="Alkesh" name="com.flipkart.testcase.IndexLoginTest" tests="1" failures="0" timestamp="2021-01-25T19:30:26 IST" time="50.324" errors="0">
  <testcase name="verifyLogin" time="50.324" classname="com.flipkart.testcase.IndexLoginTest"/>
  <system-out/>
</testsuite> <!-- com.flipkart.testcase.IndexLoginTest -->
