<?xml version="1.0" encoding="UTF-8"?>
<!-- Generated by org.testng.reporters.JUnitReportReporter -->
<testsuite hostname="Alkesh-PC" name="com.flipkart.testcase.IndexLoginTest" tests="1" failures="0" timestamp="28 Jul 2019 10:04:28 GMT" time="63.282" errors="0">
  <testcase name="verifyLogin" time="63.282" classname="com.flipkart.testcase.IndexLoginTest"/>
</testsuite> <!-- com.flipkart.testcase.IndexLoginTest -->
